<?xml version="1.0" encoding="UTF-8"?>
<!-- Generated by org.testng.reporters.JUnitXMLReporter -->
<testsuite ignored="0" hostname="DESKTOP-H08OGTV" failures="1" tests="1" name="Default test" time="21.881" errors="0" timestamp="2025-05-05T16:56:09 BDT">
  <testcase classname="io.cucumber.testng.AbstractTestNGCucumberTests" name="runScenario" time="21.49">
    <failure type="io.cucumber.java.PendingException" message="TODO: implement me">
      <![CDATA[io.cucumber.java.PendingException: TODO: implement me
at stepsDefs.HRMSLoginSteps.the_dashboard_should_be_visible(HRMSLoginSteps.java:39)
at ✽.the dashboard should be visible(file:///E:/PracticeJava/HRMS_SOFTWARE_BDD/src/test/resources/features/hrms_login.feature:24)
]]>
    </failure>
  </testcase> <!-- runScenario -->
</testsuite> <!-- Default test -->
