<?xml version="1.0" encoding="UTF-8"?>
<testng-results ignored="0" total="1" passed="0" failed="1" skipped="0">
  <reporter-output>
  </reporter-output>
  <suite started-at="2025-05-05T16:55:47 BDT" name="Default suite" finished-at="2025-05-05T16:56:09 BDT" duration-ms="21881">
    <groups>
      <group name="cucumber">
        <method signature="AbstractTestNGCucumberTests.runScenario(io.cucumber.testng.PickleWrapper,io.cucumber.testng.FeatureWrapper)[pri:0, instance:runners.TestRunner@48bb62]" name="runScenario" class="io.cucumber.testng.AbstractTestNGCucumberTests"/>
      </group> <!-- cucumber -->
    </groups>
    <test started-at="2025-05-05T16:55:47 BDT" name="Default test" finished-at="2025-05-05T16:56:09 BDT" duration-ms="21881">
      <class name="runners.TestRunner">
        <test-method is-config="true" signature="setUpClass(org.testng.ITestContext)[pri:0, instance:runners.TestRunner@48bb62]" started-at="2025-05-05T16:55:47 BDT" name="setUpClass" finished-at="2025-05-05T16:55:47 BDT" duration-ms="347" status="PASS">
          <params>
            <param index="0">
              <value>
                <![CDATA[org.testng.TestRunner@7d2998d8]]>
              </value>
            </param>
          </params>
          <reporter-output>
          </reporter-output>
        </test-method> <!-- setUpClass -->
        <test-method signature="runScenario(io.cucumber.testng.PickleWrapper,io.cucumber.testng.FeatureWrapper)[pri:0, instance:runners.TestRunner@48bb62]" started-at="2025-05-05T16:55:47 BDT" name="runScenario" description="Runs Cucumber Scenarios" data-provider="scenarios" finished-at="2025-05-05T16:56:09 BDT" duration-ms="21490" status="FAIL">
          <params>
            <param index="0">
              <value>
                <![CDATA["Valid user logs in and generates salary"]]>
              </value>
            </param>
            <param index="1">
              <value>
                <![CDATA["HRMS Login and Salary Generation"]]>
              </value>
            </param>
          </params>
          <exception class="io.cucumber.java.PendingException">
            <message>
              <![CDATA[TODO: implement me]]>
            </message>
            <full-stacktrace>
              <![CDATA[io.cucumber.java.PendingException: TODO: implement me
at stepsDefs.HRMSLoginSteps.the_dashboard_should_be_visible(HRMSLoginSteps.java:39)
at ✽.the dashboard should be visible(file:///E:/PracticeJava/HRMS_SOFTWARE_BDD/src/test/resources/features/hrms_login.feature:24)
]]>
            </full-stacktrace>
          </exception> <!-- io.cucumber.java.PendingException -->
          <reporter-output>
          </reporter-output>
        </test-method> <!-- runScenario -->
        <test-method is-config="true" signature="tearDownClass()[pri:0, instance:runners.TestRunner@48bb62]" started-at="2025-05-05T16:56:09 BDT" name="tearDownClass" finished-at="2025-05-05T16:56:09 BDT" duration-ms="19" status="PASS">
          <reporter-output>
          </reporter-output>
        </test-method> <!-- tearDownClass -->
      </class> <!-- runners.TestRunner -->
    </test> <!-- Default test -->
  </suite> <!-- Default suite -->
</testng-results>
