<?xml version="1.0" encoding="UTF-8"?>
<!-- Generated by org.testng.reporters.JUnitReportReporter -->
<testsuite hostname="DESKTOP-H08OGTV" failures="0" tests="1" name="runners.TestRunner" time="21.490" errors="1" timestamp="2025-05-05T16:56:09 BDT" skipped="0">
  <testcase classname="runners.TestRunner" name="runScenario" time="21.490">
    <error message="TODO: implement me" type="io.cucumber.java.PendingException">
      <![CDATA[io.cucumber.java.PendingException: TODO: implement me
at stepsDefs.HRMSLoginSteps.the_dashboard_should_be_visible(HRMSLoginSteps.java:39)
at ✽.the dashboard should be visible(file:///E:/PracticeJava/HRMS_SOFTWARE_BDD/src/test/resources/features/hrms_login.feature:24)
]]>
    </error>
  </testcase> <!-- runScenario -->
</testsuite> <!-- runners.TestRunner -->
